[0.013s] Invoking command in '/home/hsm/ros2/build/sample_robo': CMAKE_PREFIX_PATH=/opt/ros/humble /usr/bin/cmake /home/hsm/ros2/dev_ws/src/sample_robo -DAMENT_CMAKE_SYMLINK_INSTALL=1 -DCMAKE_INSTALL_PREFIX=/home/hsm/ros2/install/sample_robo
[0.198s] -- The C compiler identification is GNU 11.4.0
[0.370s] -- The CXX compiler identification is GNU 11.4.0
[0.388s] -- Detecting C compiler ABI info
[0.491s] -- Detecting C compiler ABI info - done
[0.497s] -- Check for working C compiler: /usr/bin/cc - skipped
[0.498s] -- Detecting C compile features
[0.500s] -- Detecting C compile features - done
[0.508s] -- Detecting CXX compiler ABI info
[0.632s] -- Detecting CXX compiler ABI info - done
[0.639s] -- Check for working CXX compiler: /usr/bin/c++ - skipped
[0.639s] -- Detecting CXX compile features
[0.640s] -- Detecting CXX compile features - done
[0.646s] -- Found ament_cmake: 1.3.10 (/opt/ros/humble/share/ament_cmake/cmake)
[0.815s] -- Found Python3: /usr/bin/python3 (found version "3.10.12") found components: Interpreter 
[0.898s] -- Override CMake install command with custom implementation using symlinks instead of copying resources
[0.960s] -- Found ament_lint_auto: 0.12.11 (/opt/ros/humble/share/ament_lint_auto/cmake)
[1.061s] -- Added test 'flake8' to check Python code syntax and style conventions
[1.062s] -- Added test 'lint_cmake' to check CMake code style
[1.063s] -- Added test 'pep257' to check Python code against some of the docstring style conventions in PEP 257
[1.065s] -- Added test 'xmllint' to check XML markup files
[1.068s] -- Configuring done
[1.073s] -- Generating done
[1.074s] -- Build files have been written to: /home/hsm/ros2/build/sample_robo
[1.079s] Invoked command in '/home/hsm/ros2/build/sample_robo' returned '0': CMAKE_PREFIX_PATH=/opt/ros/humble /usr/bin/cmake /home/hsm/ros2/dev_ws/src/sample_robo -DAMENT_CMAKE_SYMLINK_INSTALL=1 -DCMAKE_INSTALL_PREFIX=/home/hsm/ros2/install/sample_robo
[1.082s] Invoking command in '/home/hsm/ros2/build/sample_robo': CMAKE_PREFIX_PATH=/opt/ros/humble /usr/bin/cmake --build /home/hsm/ros2/build/sample_robo -- -j6 -l6
[1.137s] Invoked command in '/home/hsm/ros2/build/sample_robo' returned '0': CMAKE_PREFIX_PATH=/opt/ros/humble /usr/bin/cmake --build /home/hsm/ros2/build/sample_robo -- -j6 -l6
[1.187s] Invoking command in '/home/hsm/ros2/build/sample_robo': CMAKE_PREFIX_PATH=/opt/ros/humble /usr/bin/cmake --install /home/hsm/ros2/build/sample_robo
[1.196s] -- Install configuration: ""
[1.197s] -- Execute custom install script
[1.197s] -- Symlinking: /home/hsm/ros2/install/sample_robo/share/sample_robo/description/example_include.xacro
[1.210s] -- Symlinking: /home/hsm/ros2/install/sample_robo/share/sample_robo/description/example_robot.urdf.xacro
[1.222s] -- Symlinking: /home/hsm/ros2/install/sample_robo/share/sample_robo/launch/rsp.launch.py
[1.234s] -- Symlinking: /home/hsm/ros2/install/sample_robo/share/ament_index/resource_index/package_run_dependencies/sample_robo
[1.248s] -- Symlinking: /home/hsm/ros2/install/sample_robo/share/ament_index/resource_index/parent_prefix_path/sample_robo
[1.259s] -- Symlinking: /home/hsm/ros2/install/sample_robo/share/sample_robo/environment/ament_prefix_path.sh
[1.271s] -- Symlinking: /home/hsm/ros2/install/sample_robo/share/sample_robo/environment/ament_prefix_path.dsv
[1.283s] -- Symlinking: /home/hsm/ros2/install/sample_robo/share/sample_robo/environment/path.sh
[1.294s] -- Symlinking: /home/hsm/ros2/install/sample_robo/share/sample_robo/environment/path.dsv
[1.306s] -- Symlinking: /home/hsm/ros2/install/sample_robo/share/sample_robo/local_setup.bash
[1.318s] -- Symlinking: /home/hsm/ros2/install/sample_robo/share/sample_robo/local_setup.sh
[1.330s] -- Symlinking: /home/hsm/ros2/install/sample_robo/share/sample_robo/local_setup.zsh
[1.342s] -- Symlinking: /home/hsm/ros2/install/sample_robo/share/sample_robo/local_setup.dsv
[1.354s] -- Symlinking: /home/hsm/ros2/install/sample_robo/share/sample_robo/package.dsv
[1.366s] -- Symlinking: /home/hsm/ros2/install/sample_robo/share/ament_index/resource_index/packages/sample_robo
[1.378s] -- Symlinking: /home/hsm/ros2/install/sample_robo/share/sample_robo/cmake/sample_roboConfig.cmake
[1.389s] -- Symlinking: /home/hsm/ros2/install/sample_robo/share/sample_robo/cmake/sample_roboConfig-version.cmake
[1.400s] -- Symlinking: /home/hsm/ros2/install/sample_robo/share/sample_robo/package.xml
[1.431s] Invoked command in '/home/hsm/ros2/build/sample_robo' returned '0': CMAKE_PREFIX_PATH=/opt/ros/humble /usr/bin/cmake --install /home/hsm/ros2/build/sample_robo
