[0.421s] DEBUG:colcon:Command line arguments: ['/usr/bin/colcon', 'build', '--symlink-install']
[0.421s] DEBUG:colcon:Parsed command line arguments: Namespace(log_base=None, log_level=None, verb_name='build', build_base='build', install_base='install', merge_install=False, symlink_install=True, test_result_base=None, continue_on_error=False, executor='parallel', parallel_workers=6, event_handlers=None, ignore_user_meta=False, metas=['./colcon.meta'], base_paths=['.'], packages_ignore=None, packages_ignore_regex=None, paths=None, packages_up_to=None, packages_up_to_regex=None, packages_above=None, packages_above_and_dependencies=None, packages_above_depth=None, packages_select_by_dep=None, packages_skip_by_dep=None, packages_skip_up_to=None, packages_select_build_failed=False, packages_skip_build_finished=False, packages_select_test_failures=False, packages_skip_test_passed=False, packages_select=None, packages_skip=None, packages_select_regex=None, packages_skip_regex=None, packages_start=None, packages_end=None, allow_overriding=[], cmake_args=None, cmake_target=None, cmake_target_skip_unavailable=False, cmake_clean_cache=False, cmake_clean_first=False, cmake_force_configure=False, ament_cmake_args=None, catkin_cmake_args=None, catkin_skip_building_tests=False, mixin_files=None, mixin=None, verb_parser=<colcon_mixin.mixin.mixin_argument.MixinArgumentDecorator object at 0x7e692015a020>, verb_extension=<colcon_core.verb.build.BuildVerb object at 0x7e6920159b70>, main=<bound method BuildVerb.main of <colcon_core.verb.build.BuildVerb object at 0x7e6920159b70>>, mixin_verb=('build',))
[0.795s] Level 1:colcon.colcon_core.package_discovery:discover_packages(colcon_meta) check parameters
[0.795s] Level 1:colcon.colcon_core.package_discovery:discover_packages(recursive) check parameters
[0.796s] Level 1:colcon.colcon_core.package_discovery:discover_packages(ignore) check parameters
[0.796s] Level 1:colcon.colcon_core.package_discovery:discover_packages(path) check parameters
[0.796s] Level 1:colcon.colcon_core.package_discovery:discover_packages(colcon_meta) discover
[0.796s] Level 1:colcon.colcon_core.package_discovery:discover_packages(recursive) discover
[0.796s] INFO:colcon.colcon_core.package_discovery:Crawling recursively for packages in '/home/hsm/ros2'
[0.796s] Level 1:colcon.colcon_core.package_identification:_identify(.) by extensions ['ignore', 'ignore_ament_install']
[0.796s] Level 1:colcon.colcon_core.package_identification:_identify(.) by extension 'ignore'
[0.796s] Level 1:colcon.colcon_core.package_identification:_identify(.) by extension 'ignore_ament_install'
[0.796s] Level 1:colcon.colcon_core.package_identification:_identify(.) by extensions ['colcon_pkg']
[0.796s] Level 1:colcon.colcon_core.package_identification:_identify(.) by extension 'colcon_pkg'
[0.796s] Level 1:colcon.colcon_core.package_identification:_identify(.) by extensions ['colcon_meta']
[0.796s] Level 1:colcon.colcon_core.package_identification:_identify(.) by extension 'colcon_meta'
[0.796s] Level 1:colcon.colcon_core.package_identification:_identify(.) by extensions ['ros']
[0.796s] Level 1:colcon.colcon_core.package_identification:_identify(.) by extension 'ros'
[0.813s] Level 1:colcon.colcon_core.package_identification:_identify(.) by extensions ['cmake', 'python']
[0.813s] Level 1:colcon.colcon_core.package_identification:_identify(.) by extension 'cmake'
[0.813s] Level 1:colcon.colcon_core.package_identification:_identify(.) by extension 'python'
[0.813s] Level 1:colcon.colcon_core.package_identification:_identify(.) by extensions ['python_setup_py']
[0.813s] Level 1:colcon.colcon_core.package_identification:_identify(.) by extension 'python_setup_py'
[0.814s] Level 1:colcon.colcon_core.package_identification:_identify(build) by extensions ['ignore', 'ignore_ament_install']
[0.814s] Level 1:colcon.colcon_core.package_identification:_identify(build) by extension 'ignore'
[0.814s] Level 1:colcon.colcon_core.package_identification:_identify(build) ignored
[0.814s] Level 1:colcon.colcon_core.package_identification:_identify(dev_ws) by extensions ['ignore', 'ignore_ament_install']
[0.814s] Level 1:colcon.colcon_core.package_identification:_identify(dev_ws) by extension 'ignore'
[0.814s] Level 1:colcon.colcon_core.package_identification:_identify(dev_ws) by extension 'ignore_ament_install'
[0.814s] Level 1:colcon.colcon_core.package_identification:_identify(dev_ws) by extensions ['colcon_pkg']
[0.814s] Level 1:colcon.colcon_core.package_identification:_identify(dev_ws) by extension 'colcon_pkg'
[0.814s] Level 1:colcon.colcon_core.package_identification:_identify(dev_ws) by extensions ['colcon_meta']
[0.814s] Level 1:colcon.colcon_core.package_identification:_identify(dev_ws) by extension 'colcon_meta'
[0.814s] Level 1:colcon.colcon_core.package_identification:_identify(dev_ws) by extensions ['ros']
[0.814s] Level 1:colcon.colcon_core.package_identification:_identify(dev_ws) by extension 'ros'
[0.814s] Level 1:colcon.colcon_core.package_identification:_identify(dev_ws) by extensions ['cmake', 'python']
[0.814s] Level 1:colcon.colcon_core.package_identification:_identify(dev_ws) by extension 'cmake'
[0.814s] Level 1:colcon.colcon_core.package_identification:_identify(dev_ws) by extension 'python'
[0.814s] Level 1:colcon.colcon_core.package_identification:_identify(dev_ws) by extensions ['python_setup_py']
[0.814s] Level 1:colcon.colcon_core.package_identification:_identify(dev_ws) by extension 'python_setup_py'
[0.815s] Level 1:colcon.colcon_core.package_identification:_identify(dev_ws/build) by extensions ['ignore', 'ignore_ament_install']
[0.815s] Level 1:colcon.colcon_core.package_identification:_identify(dev_ws/build) by extension 'ignore'
[0.815s] Level 1:colcon.colcon_core.package_identification:_identify(dev_ws/build) ignored
[0.815s] Level 1:colcon.colcon_core.package_identification:_identify(dev_ws/install) by extensions ['ignore', 'ignore_ament_install']
[0.815s] Level 1:colcon.colcon_core.package_identification:_identify(dev_ws/install) by extension 'ignore'
[0.815s] Level 1:colcon.colcon_core.package_identification:_identify(dev_ws/install) ignored
[0.815s] Level 1:colcon.colcon_core.package_identification:_identify(dev_ws/log) by extensions ['ignore', 'ignore_ament_install']
[0.815s] Level 1:colcon.colcon_core.package_identification:_identify(dev_ws/log) by extension 'ignore'
[0.815s] Level 1:colcon.colcon_core.package_identification:_identify(dev_ws/log) ignored
[0.815s] Level 1:colcon.colcon_core.package_identification:_identify(dev_ws/src) by extensions ['ignore', 'ignore_ament_install']
[0.815s] Level 1:colcon.colcon_core.package_identification:_identify(dev_ws/src) by extension 'ignore'
[0.815s] Level 1:colcon.colcon_core.package_identification:_identify(dev_ws/src) by extension 'ignore_ament_install'
[0.815s] Level 1:colcon.colcon_core.package_identification:_identify(dev_ws/src) by extensions ['colcon_pkg']
[0.815s] Level 1:colcon.colcon_core.package_identification:_identify(dev_ws/src) by extension 'colcon_pkg'
[0.815s] Level 1:colcon.colcon_core.package_identification:_identify(dev_ws/src) by extensions ['colcon_meta']
[0.815s] Level 1:colcon.colcon_core.package_identification:_identify(dev_ws/src) by extension 'colcon_meta'
[0.815s] Level 1:colcon.colcon_core.package_identification:_identify(dev_ws/src) by extensions ['ros']
[0.815s] Level 1:colcon.colcon_core.package_identification:_identify(dev_ws/src) by extension 'ros'
[0.816s] Level 1:colcon.colcon_core.package_identification:_identify(dev_ws/src) by extensions ['cmake', 'python']
[0.816s] Level 1:colcon.colcon_core.package_identification:_identify(dev_ws/src) by extension 'cmake'
[0.816s] Level 1:colcon.colcon_core.package_identification:_identify(dev_ws/src) by extension 'python'
[0.816s] Level 1:colcon.colcon_core.package_identification:_identify(dev_ws/src) by extensions ['python_setup_py']
[0.816s] Level 1:colcon.colcon_core.package_identification:_identify(dev_ws/src) by extension 'python_setup_py'
[0.816s] Level 1:colcon.colcon_core.package_identification:_identify(dev_ws/src/my_package) by extensions ['ignore', 'ignore_ament_install']
[0.816s] Level 1:colcon.colcon_core.package_identification:_identify(dev_ws/src/my_package) by extension 'ignore'
[0.816s] Level 1:colcon.colcon_core.package_identification:_identify(dev_ws/src/my_package) by extension 'ignore_ament_install'
[0.816s] Level 1:colcon.colcon_core.package_identification:_identify(dev_ws/src/my_package) by extensions ['colcon_pkg']
[0.816s] Level 1:colcon.colcon_core.package_identification:_identify(dev_ws/src/my_package) by extension 'colcon_pkg'
[0.816s] Level 1:colcon.colcon_core.package_identification:_identify(dev_ws/src/my_package) by extensions ['colcon_meta']
[0.816s] Level 1:colcon.colcon_core.package_identification:_identify(dev_ws/src/my_package) by extension 'colcon_meta'
[0.816s] Level 1:colcon.colcon_core.package_identification:_identify(dev_ws/src/my_package) by extensions ['ros']
[0.816s] Level 1:colcon.colcon_core.package_identification:_identify(dev_ws/src/my_package) by extension 'ros'
[0.820s] DEBUG:colcon.colcon_core.package_identification:Package 'dev_ws/src/my_package' with type 'ros.ament_cmake' and name 'my_package'
[0.820s] Level 1:colcon.colcon_core.package_identification:_identify(dev_ws/src/sample_robo) by extensions ['ignore', 'ignore_ament_install']
[0.820s] Level 1:colcon.colcon_core.package_identification:_identify(dev_ws/src/sample_robo) by extension 'ignore'
[0.821s] Level 1:colcon.colcon_core.package_identification:_identify(dev_ws/src/sample_robo) by extension 'ignore_ament_install'
[0.821s] Level 1:colcon.colcon_core.package_identification:_identify(dev_ws/src/sample_robo) by extensions ['colcon_pkg']
[0.821s] Level 1:colcon.colcon_core.package_identification:_identify(dev_ws/src/sample_robo) by extension 'colcon_pkg'
[0.821s] Level 1:colcon.colcon_core.package_identification:_identify(dev_ws/src/sample_robo) by extensions ['colcon_meta']
[0.821s] Level 1:colcon.colcon_core.package_identification:_identify(dev_ws/src/sample_robo) by extension 'colcon_meta'
[0.821s] Level 1:colcon.colcon_core.package_identification:_identify(dev_ws/src/sample_robo) by extensions ['ros']
[0.821s] Level 1:colcon.colcon_core.package_identification:_identify(dev_ws/src/sample_robo) by extension 'ros'
[0.822s] DEBUG:colcon.colcon_core.package_identification:Package 'dev_ws/src/sample_robo' with type 'ros.ament_cmake' and name 'sample_robo'
[0.822s] Level 1:colcon.colcon_core.package_identification:_identify(install) by extensions ['ignore', 'ignore_ament_install']
[0.822s] Level 1:colcon.colcon_core.package_identification:_identify(install) by extension 'ignore'
[0.822s] Level 1:colcon.colcon_core.package_identification:_identify(install) ignored
[0.822s] Level 1:colcon.colcon_core.package_identification:_identify(log) by extensions ['ignore', 'ignore_ament_install']
[0.822s] Level 1:colcon.colcon_core.package_identification:_identify(log) by extension 'ignore'
[0.822s] Level 1:colcon.colcon_core.package_identification:_identify(log) ignored
[0.822s] Level 1:colcon.colcon_core.package_identification:_identify(sample_viz) by extensions ['ignore', 'ignore_ament_install']
[0.822s] Level 1:colcon.colcon_core.package_identification:_identify(sample_viz) by extension 'ignore'
[0.822s] Level 1:colcon.colcon_core.package_identification:_identify(sample_viz) by extension 'ignore_ament_install'
[0.822s] Level 1:colcon.colcon_core.package_identification:_identify(sample_viz) by extensions ['colcon_pkg']
[0.822s] Level 1:colcon.colcon_core.package_identification:_identify(sample_viz) by extension 'colcon_pkg'
[0.822s] Level 1:colcon.colcon_core.package_identification:_identify(sample_viz) by extensions ['colcon_meta']
[0.822s] Level 1:colcon.colcon_core.package_identification:_identify(sample_viz) by extension 'colcon_meta'
[0.822s] Level 1:colcon.colcon_core.package_identification:_identify(sample_viz) by extensions ['ros']
[0.822s] Level 1:colcon.colcon_core.package_identification:_identify(sample_viz) by extension 'ros'
[0.823s] Level 1:colcon.colcon_core.package_identification:_identify(sample_viz) by extensions ['cmake', 'python']
[0.823s] Level 1:colcon.colcon_core.package_identification:_identify(sample_viz) by extension 'cmake'
[0.823s] Level 1:colcon.colcon_core.package_identification:_identify(sample_viz) by extension 'python'
[0.823s] Level 1:colcon.colcon_core.package_identification:_identify(sample_viz) by extensions ['python_setup_py']
[0.823s] Level 1:colcon.colcon_core.package_identification:_identify(sample_viz) by extension 'python_setup_py'
[0.823s] Level 1:colcon.colcon_core.package_discovery:discover_packages(recursive) using defaults
[0.823s] Level 1:colcon.colcon_core.package_discovery:discover_packages(ignore) discover
[0.823s] Level 1:colcon.colcon_core.package_discovery:discover_packages(ignore) using defaults
[0.823s] Level 1:colcon.colcon_core.package_discovery:discover_packages(path) discover
[0.823s] Level 1:colcon.colcon_core.package_discovery:discover_packages(path) using defaults
[0.861s] Level 1:colcon.colcon_core.package_discovery:discover_packages(prefix_path) check parameters
[0.861s] Level 1:colcon.colcon_core.package_discovery:discover_packages(prefix_path) discover
[0.868s] DEBUG:colcon.colcon_installed_package_information.package_discovery:Found 281 installed packages in /opt/ros/humble
[0.870s] Level 1:colcon.colcon_core.package_discovery:discover_packages(prefix_path) using defaults
[0.919s] Level 5:colcon.colcon_core.verb:set package 'my_package' build argument 'cmake_args' from command line to 'None'
[0.919s] Level 5:colcon.colcon_core.verb:set package 'my_package' build argument 'cmake_target' from command line to 'None'
[0.919s] Level 5:colcon.colcon_core.verb:set package 'my_package' build argument 'cmake_target_skip_unavailable' from command line to 'False'
[0.919s] Level 5:colcon.colcon_core.verb:set package 'my_package' build argument 'cmake_clean_cache' from command line to 'False'
[0.919s] Level 5:colcon.colcon_core.verb:set package 'my_package' build argument 'cmake_clean_first' from command line to 'False'
[0.919s] Level 5:colcon.colcon_core.verb:set package 'my_package' build argument 'cmake_force_configure' from command line to 'False'
[0.919s] Level 5:colcon.colcon_core.verb:set package 'my_package' build argument 'ament_cmake_args' from command line to 'None'
[0.919s] Level 5:colcon.colcon_core.verb:set package 'my_package' build argument 'catkin_cmake_args' from command line to 'None'
[0.919s] Level 5:colcon.colcon_core.verb:set package 'my_package' build argument 'catkin_skip_building_tests' from command line to 'False'
[0.919s] DEBUG:colcon.colcon_core.verb:Building package 'my_package' with the following arguments: {'ament_cmake_args': None, 'build_base': '/home/hsm/ros2/build/my_package', 'catkin_cmake_args': None, 'catkin_skip_building_tests': False, 'cmake_args': None, 'cmake_clean_cache': False, 'cmake_clean_first': False, 'cmake_force_configure': False, 'cmake_target': None, 'cmake_target_skip_unavailable': False, 'install_base': '/home/hsm/ros2/install/my_package', 'merge_install': False, 'path': '/home/hsm/ros2/dev_ws/src/my_package', 'symlink_install': True, 'test_result_base': None}
[0.920s] Level 5:colcon.colcon_core.verb:set package 'sample_robo' build argument 'cmake_args' from command line to 'None'
[0.920s] Level 5:colcon.colcon_core.verb:set package 'sample_robo' build argument 'cmake_target' from command line to 'None'
[0.920s] Level 5:colcon.colcon_core.verb:set package 'sample_robo' build argument 'cmake_target_skip_unavailable' from command line to 'False'
[0.920s] Level 5:colcon.colcon_core.verb:set package 'sample_robo' build argument 'cmake_clean_cache' from command line to 'False'
[0.920s] Level 5:colcon.colcon_core.verb:set package 'sample_robo' build argument 'cmake_clean_first' from command line to 'False'
[0.920s] Level 5:colcon.colcon_core.verb:set package 'sample_robo' build argument 'cmake_force_configure' from command line to 'False'
[0.920s] Level 5:colcon.colcon_core.verb:set package 'sample_robo' build argument 'ament_cmake_args' from command line to 'None'
[0.920s] Level 5:colcon.colcon_core.verb:set package 'sample_robo' build argument 'catkin_cmake_args' from command line to 'None'
[0.920s] Level 5:colcon.colcon_core.verb:set package 'sample_robo' build argument 'catkin_skip_building_tests' from command line to 'False'
[0.920s] DEBUG:colcon.colcon_core.verb:Building package 'sample_robo' with the following arguments: {'ament_cmake_args': None, 'build_base': '/home/hsm/ros2/build/sample_robo', 'catkin_cmake_args': None, 'catkin_skip_building_tests': False, 'cmake_args': None, 'cmake_clean_cache': False, 'cmake_clean_first': False, 'cmake_force_configure': False, 'cmake_target': None, 'cmake_target_skip_unavailable': False, 'install_base': '/home/hsm/ros2/install/sample_robo', 'merge_install': False, 'path': '/home/hsm/ros2/dev_ws/src/sample_robo', 'symlink_install': True, 'test_result_base': None}
[0.920s] INFO:colcon.colcon_core.executor:Executing jobs using 'parallel' executor
[0.921s] DEBUG:colcon.colcon_parallel_executor.executor.parallel:run_until_complete
[0.921s] INFO:colcon.colcon_ros.task.ament_cmake.build:Building ROS package in '/home/hsm/ros2/dev_ws/src/my_package' with build type 'ament_cmake'
[0.922s] INFO:colcon.colcon_cmake.task.cmake.build:Building CMake package in '/home/hsm/ros2/dev_ws/src/my_package'
[0.932s] INFO:colcon.colcon_core.plugin_system:Skipping extension 'colcon_core.shell.bat': Not used on non-Windows systems
[0.932s] INFO:colcon.colcon_core.shell:Skip shell extension 'powershell' for command environment: Not usable outside of PowerShell
[0.932s] DEBUG:colcon.colcon_core.shell:Skip shell extension 'dsv' for command environment
[0.936s] INFO:colcon.colcon_ros.task.ament_cmake.build:Building ROS package in '/home/hsm/ros2/dev_ws/src/sample_robo' with build type 'ament_cmake'
[0.937s] INFO:colcon.colcon_cmake.task.cmake.build:Building CMake package in '/home/hsm/ros2/dev_ws/src/sample_robo'
[0.937s] INFO:colcon.colcon_core.shell:Skip shell extension 'powershell' for command environment: Not usable outside of PowerShell
[0.937s] DEBUG:colcon.colcon_core.shell:Skip shell extension 'dsv' for command environment
[0.944s] DEBUG:colcon.colcon_core.event_handler.log_command:Invoking command in '/home/hsm/ros2/build/my_package': CMAKE_PREFIX_PATH=/opt/ros/humble /usr/bin/cmake /home/hsm/ros2/dev_ws/src/my_package -DAMENT_CMAKE_SYMLINK_INSTALL=1 -DCMAKE_INSTALL_PREFIX=/home/hsm/ros2/install/my_package
[0.951s] DEBUG:colcon.colcon_core.event_handler.log_command:Invoking command in '/home/hsm/ros2/build/sample_robo': CMAKE_PREFIX_PATH=/opt/ros/humble /usr/bin/cmake /home/hsm/ros2/dev_ws/src/sample_robo -DAMENT_CMAKE_SYMLINK_INSTALL=1 -DCMAKE_INSTALL_PREFIX=/home/hsm/ros2/install/sample_robo
[2.017s] DEBUG:colcon.colcon_core.event_handler.log_command:Invoked command in '/home/hsm/ros2/build/sample_robo' returned '0': CMAKE_PREFIX_PATH=/opt/ros/humble /usr/bin/cmake /home/hsm/ros2/dev_ws/src/sample_robo -DAMENT_CMAKE_SYMLINK_INSTALL=1 -DCMAKE_INSTALL_PREFIX=/home/hsm/ros2/install/sample_robo
[2.020s] DEBUG:colcon.colcon_core.event_handler.log_command:Invoking command in '/home/hsm/ros2/build/sample_robo': CMAKE_PREFIX_PATH=/opt/ros/humble /usr/bin/cmake --build /home/hsm/ros2/build/sample_robo -- -j6 -l6
[2.023s] DEBUG:colcon.colcon_core.event_handler.log_command:Invoked command in '/home/hsm/ros2/build/my_package' returned '0': CMAKE_PREFIX_PATH=/opt/ros/humble /usr/bin/cmake /home/hsm/ros2/dev_ws/src/my_package -DAMENT_CMAKE_SYMLINK_INSTALL=1 -DCMAKE_INSTALL_PREFIX=/home/hsm/ros2/install/my_package
[2.025s] DEBUG:colcon.colcon_core.event_handler.log_command:Invoking command in '/home/hsm/ros2/build/my_package': CMAKE_PREFIX_PATH=/opt/ros/humble /usr/bin/cmake --build /home/hsm/ros2/build/my_package -- -j6 -l6
[2.075s] DEBUG:colcon.colcon_core.event_handler.log_command:Invoked command in '/home/hsm/ros2/build/sample_robo' returned '0': CMAKE_PREFIX_PATH=/opt/ros/humble /usr/bin/cmake --build /home/hsm/ros2/build/sample_robo -- -j6 -l6
[2.079s] DEBUG:colcon.colcon_core.event_handler.log_command:Invoked command in '/home/hsm/ros2/build/my_package' returned '0': CMAKE_PREFIX_PATH=/opt/ros/humble /usr/bin/cmake --build /home/hsm/ros2/build/my_package -- -j6 -l6
[2.126s] DEBUG:colcon.colcon_core.event_handler.log_command:Invoking command in '/home/hsm/ros2/build/sample_robo': CMAKE_PREFIX_PATH=/opt/ros/humble /usr/bin/cmake --install /home/hsm/ros2/build/sample_robo
[2.128s] DEBUG:colcon.colcon_core.event_handler.log_command:Invoking command in '/home/hsm/ros2/build/my_package': CMAKE_PREFIX_PATH=/opt/ros/humble /usr/bin/cmake --install /home/hsm/ros2/build/my_package
[2.340s] Level 1:colcon.colcon_core.environment:create_environment_scripts_only(my_package)
[2.341s] DEBUG:colcon.colcon_core.event_handler.log_command:Invoked command in '/home/hsm/ros2/build/my_package' returned '0': CMAKE_PREFIX_PATH=/opt/ros/humble /usr/bin/cmake --install /home/hsm/ros2/build/my_package
[2.352s] Level 1:colcon.colcon_core.environment:checking '/home/hsm/ros2/install/my_package' for CMake module files
[2.353s] Level 1:colcon.colcon_core.environment:checking '/home/hsm/ros2/install/my_package' for CMake config files
[2.353s] Level 1:colcon.colcon_core.shell:create_environment_hook('my_package', 'cmake_prefix_path')
[2.354s] INFO:colcon.colcon_core.shell:Creating environment hook '/home/hsm/ros2/install/my_package/share/my_package/hook/cmake_prefix_path.ps1'
[2.355s] INFO:colcon.colcon_core.shell:Creating environment descriptor '/home/hsm/ros2/install/my_package/share/my_package/hook/cmake_prefix_path.dsv'
[2.356s] INFO:colcon.colcon_core.shell:Creating environment hook '/home/hsm/ros2/install/my_package/share/my_package/hook/cmake_prefix_path.sh'
[2.357s] Level 1:colcon.colcon_core.environment:checking '/home/hsm/ros2/install/my_package/bin'
[2.357s] Level 1:colcon.colcon_core.environment:checking '/home/hsm/ros2/install/my_package/lib/pkgconfig/my_package.pc'
[2.357s] Level 1:colcon.colcon_core.environment:checking '/home/hsm/ros2/install/my_package/lib/python3.10/site-packages'
[2.358s] Level 1:colcon.colcon_core.environment:checking '/home/hsm/ros2/install/my_package/bin'
[2.358s] INFO:colcon.colcon_core.shell:Creating package script '/home/hsm/ros2/install/my_package/share/my_package/package.ps1'
[2.359s] INFO:colcon.colcon_core.shell:Creating package descriptor '/home/hsm/ros2/install/my_package/share/my_package/package.dsv'
[2.360s] INFO:colcon.colcon_core.shell:Creating package script '/home/hsm/ros2/install/my_package/share/my_package/package.sh'
[2.361s] INFO:colcon.colcon_core.shell:Creating package script '/home/hsm/ros2/install/my_package/share/my_package/package.bash'
[2.363s] INFO:colcon.colcon_core.shell:Creating package script '/home/hsm/ros2/install/my_package/share/my_package/package.zsh'
[2.364s] Level 1:colcon.colcon_core.environment:create_file_with_runtime_dependencies(/home/hsm/ros2/install/my_package/share/colcon-core/packages/my_package)
[2.367s] Level 1:colcon.colcon_core.environment:create_environment_scripts_only(sample_robo)
[2.367s] Level 1:colcon.colcon_core.environment:checking '/home/hsm/ros2/install/sample_robo' for CMake module files
[2.368s] DEBUG:colcon.colcon_core.event_handler.log_command:Invoked command in '/home/hsm/ros2/build/sample_robo' returned '0': CMAKE_PREFIX_PATH=/opt/ros/humble /usr/bin/cmake --install /home/hsm/ros2/build/sample_robo
[2.369s] Level 1:colcon.colcon_core.environment:checking '/home/hsm/ros2/install/sample_robo' for CMake config files
[2.369s] Level 1:colcon.colcon_core.shell:create_environment_hook('sample_robo', 'cmake_prefix_path')
[2.369s] INFO:colcon.colcon_core.shell:Creating environment hook '/home/hsm/ros2/install/sample_robo/share/sample_robo/hook/cmake_prefix_path.ps1'
[2.370s] INFO:colcon.colcon_core.shell:Creating environment descriptor '/home/hsm/ros2/install/sample_robo/share/sample_robo/hook/cmake_prefix_path.dsv'
[2.370s] INFO:colcon.colcon_core.shell:Creating environment hook '/home/hsm/ros2/install/sample_robo/share/sample_robo/hook/cmake_prefix_path.sh'
[2.370s] Level 1:colcon.colcon_core.environment:checking '/home/hsm/ros2/install/sample_robo/bin'
[2.370s] Level 1:colcon.colcon_core.environment:checking '/home/hsm/ros2/install/sample_robo/lib/pkgconfig/sample_robo.pc'
[2.371s] Level 1:colcon.colcon_core.environment:checking '/home/hsm/ros2/install/sample_robo/lib/python3.10/site-packages'
[2.371s] Level 1:colcon.colcon_core.environment:checking '/home/hsm/ros2/install/sample_robo/bin'
[2.372s] INFO:colcon.colcon_core.shell:Creating package script '/home/hsm/ros2/install/sample_robo/share/sample_robo/package.ps1'
[2.372s] INFO:colcon.colcon_core.shell:Creating package descriptor '/home/hsm/ros2/install/sample_robo/share/sample_robo/package.dsv'
[2.373s] INFO:colcon.colcon_core.shell:Creating package script '/home/hsm/ros2/install/sample_robo/share/sample_robo/package.sh'
[2.373s] INFO:colcon.colcon_core.shell:Creating package script '/home/hsm/ros2/install/sample_robo/share/sample_robo/package.bash'
[2.373s] INFO:colcon.colcon_core.shell:Creating package script '/home/hsm/ros2/install/sample_robo/share/sample_robo/package.zsh'
[2.373s] Level 1:colcon.colcon_core.environment:create_file_with_runtime_dependencies(/home/hsm/ros2/install/sample_robo/share/colcon-core/packages/sample_robo)
[2.402s] Level 1:colcon.colcon_core.environment:create_environment_scripts_only(my_package)
[2.403s] Level 1:colcon.colcon_core.environment:checking '/home/hsm/ros2/install/my_package' for CMake module files
[2.403s] Level 1:colcon.colcon_core.environment:checking '/home/hsm/ros2/install/my_package' for CMake config files
[2.403s] Level 1:colcon.colcon_core.shell:create_environment_hook('my_package', 'cmake_prefix_path')
[2.403s] INFO:colcon.colcon_core.shell:Creating environment hook '/home/hsm/ros2/install/my_package/share/my_package/hook/cmake_prefix_path.ps1'
[2.404s] INFO:colcon.colcon_core.shell:Creating environment descriptor '/home/hsm/ros2/install/my_package/share/my_package/hook/cmake_prefix_path.dsv'
[2.405s] INFO:colcon.colcon_core.shell:Creating environment hook '/home/hsm/ros2/install/my_package/share/my_package/hook/cmake_prefix_path.sh'
[2.405s] Level 1:colcon.colcon_core.environment:checking '/home/hsm/ros2/install/my_package/bin'
[2.405s] Level 1:colcon.colcon_core.environment:checking '/home/hsm/ros2/install/my_package/lib/pkgconfig/my_package.pc'
[2.406s] Level 1:colcon.colcon_core.environment:checking '/home/hsm/ros2/install/my_package/lib/python3.10/site-packages'
[2.406s] Level 1:colcon.colcon_core.environment:checking '/home/hsm/ros2/install/my_package/bin'
[2.406s] INFO:colcon.colcon_core.shell:Creating package script '/home/hsm/ros2/install/my_package/share/my_package/package.ps1'
[2.407s] INFO:colcon.colcon_core.shell:Creating package descriptor '/home/hsm/ros2/install/my_package/share/my_package/package.dsv'
[2.407s] INFO:colcon.colcon_core.shell:Creating package script '/home/hsm/ros2/install/my_package/share/my_package/package.sh'
[2.408s] INFO:colcon.colcon_core.shell:Creating package script '/home/hsm/ros2/install/my_package/share/my_package/package.bash'
[2.408s] INFO:colcon.colcon_core.shell:Creating package script '/home/hsm/ros2/install/my_package/share/my_package/package.zsh'
[2.409s] Level 1:colcon.colcon_core.environment:create_file_with_runtime_dependencies(/home/hsm/ros2/install/my_package/share/colcon-core/packages/my_package)
[2.411s] Level 1:colcon.colcon_core.environment:create_environment_scripts_only(sample_robo)
[2.411s] Level 1:colcon.colcon_core.environment:checking '/home/hsm/ros2/install/sample_robo' for CMake module files
[2.412s] Level 1:colcon.colcon_core.environment:checking '/home/hsm/ros2/install/sample_robo' for CMake config files
[2.412s] Level 1:colcon.colcon_core.shell:create_environment_hook('sample_robo', 'cmake_prefix_path')
[2.412s] INFO:colcon.colcon_core.shell:Creating environment hook '/home/hsm/ros2/install/sample_robo/share/sample_robo/hook/cmake_prefix_path.ps1'
[2.413s] INFO:colcon.colcon_core.shell:Creating environment descriptor '/home/hsm/ros2/install/sample_robo/share/sample_robo/hook/cmake_prefix_path.dsv'
[2.413s] INFO:colcon.colcon_core.shell:Creating environment hook '/home/hsm/ros2/install/sample_robo/share/sample_robo/hook/cmake_prefix_path.sh'
[2.414s] Level 1:colcon.colcon_core.environment:checking '/home/hsm/ros2/install/sample_robo/bin'
[2.414s] Level 1:colcon.colcon_core.environment:checking '/home/hsm/ros2/install/sample_robo/lib/pkgconfig/sample_robo.pc'
[2.414s] Level 1:colcon.colcon_core.environment:checking '/home/hsm/ros2/install/sample_robo/lib/python3.10/site-packages'
[2.414s] Level 1:colcon.colcon_core.environment:checking '/home/hsm/ros2/install/sample_robo/bin'
[2.414s] INFO:colcon.colcon_core.shell:Creating package script '/home/hsm/ros2/install/sample_robo/share/sample_robo/package.ps1'
[2.415s] INFO:colcon.colcon_core.shell:Creating package descriptor '/home/hsm/ros2/install/sample_robo/share/sample_robo/package.dsv'
[2.416s] INFO:colcon.colcon_core.shell:Creating package script '/home/hsm/ros2/install/sample_robo/share/sample_robo/package.sh'
[2.416s] INFO:colcon.colcon_core.shell:Creating package script '/home/hsm/ros2/install/sample_robo/share/sample_robo/package.bash'
[2.416s] INFO:colcon.colcon_core.shell:Creating package script '/home/hsm/ros2/install/sample_robo/share/sample_robo/package.zsh'
[2.417s] Level 1:colcon.colcon_core.environment:create_file_with_runtime_dependencies(/home/hsm/ros2/install/sample_robo/share/colcon-core/packages/sample_robo)
[2.417s] DEBUG:colcon.colcon_parallel_executor.executor.parallel:closing loop
[2.417s] DEBUG:colcon.colcon_parallel_executor.executor.parallel:loop closed
[2.417s] DEBUG:colcon.colcon_parallel_executor.executor.parallel:run_until_complete finished with '0'
[2.417s] DEBUG:colcon.colcon_core.event_reactor:joining thread
[2.427s] INFO:colcon.colcon_core.plugin_system:Skipping extension 'colcon_notification.desktop_notification.terminal_notifier': Not used on non-Darwin systems
[2.427s] INFO:colcon.colcon_core.plugin_system:Skipping extension 'colcon_notification.desktop_notification.win32': Not used on non-Windows systems
[2.427s] INFO:colcon.colcon_notification.desktop_notification:Sending desktop notification using 'notify2'
[2.663s] DEBUG:colcon.colcon_core.event_reactor:joined thread
[2.663s] INFO:colcon.colcon_core.shell:Creating prefix script '/home/hsm/ros2/install/local_setup.ps1'
[2.668s] INFO:colcon.colcon_core.shell:Creating prefix util module '/home/hsm/ros2/install/_local_setup_util_ps1.py'
[2.671s] INFO:colcon.colcon_core.shell:Creating prefix chain script '/home/hsm/ros2/install/setup.ps1'
[2.674s] INFO:colcon.colcon_core.shell:Creating prefix script '/home/hsm/ros2/install/local_setup.sh'
[2.678s] INFO:colcon.colcon_core.shell:Creating prefix util module '/home/hsm/ros2/install/_local_setup_util_sh.py'
[2.678s] INFO:colcon.colcon_core.shell:Creating prefix chain script '/home/hsm/ros2/install/setup.sh'
[2.680s] INFO:colcon.colcon_core.shell:Creating prefix script '/home/hsm/ros2/install/local_setup.bash'
[2.680s] INFO:colcon.colcon_core.shell:Creating prefix chain script '/home/hsm/ros2/install/setup.bash'
[2.682s] INFO:colcon.colcon_core.shell:Creating prefix script '/home/hsm/ros2/install/local_setup.zsh'
[2.683s] INFO:colcon.colcon_core.shell:Creating prefix chain script '/home/hsm/ros2/install/setup.zsh'
