[0.022s] Invoking command in '/home/hsm/ros2/build/my_package': CMAKE_PREFIX_PATH=/opt/ros/humble /usr/bin/cmake /home/hsm/ros2/dev_ws/src/my_package -DAMENT_CMAKE_SYMLINK_INSTALL=1 -DCMAKE_INSTALL_PREFIX=/home/hsm/ros2/install/my_package
[0.213s] -- The C compiler identification is GNU 11.4.0
[0.385s] -- The CXX compiler identification is GNU 11.4.0
[0.404s] -- Detecting C compiler ABI info
[0.507s] -- Detecting C compiler ABI info - done
[0.517s] -- Check for working C compiler: /usr/bin/cc - skipped
[0.518s] -- Detecting C compile features
[0.518s] -- Detecting C compile features - done
[0.521s] -- Detecting CXX compiler ABI info
[0.652s] -- Detecting CXX compiler ABI info - done
[0.658s] -- Check for working CXX compiler: /usr/bin/c++ - skipped
[0.659s] -- Detecting CXX compile features
[0.659s] -- Detecting CXX compile features - done
[0.661s] -- Found ament_cmake: 1.3.10 (/opt/ros/humble/share/ament_cmake/cmake)
[0.831s] -- Found Python3: /usr/bin/python3 (found version "3.10.12") found components: Interpreter 
[0.913s] -- Override CMake install command with custom implementation using symlinks instead of copying resources
[0.976s] -- Found ament_lint_auto: 0.12.11 (/opt/ros/humble/share/ament_lint_auto/cmake)
[1.076s] -- Added test 'flake8' to check Python code syntax and style conventions
[1.077s] -- Added test 'lint_cmake' to check CMake code style
[1.078s] -- Added test 'pep257' to check Python code against some of the docstring style conventions in PEP 257
[1.080s] -- Added test 'xmllint' to check XML markup files
[1.084s] -- Configuring done
[1.088s] -- Generating done
[1.089s] -- Build files have been written to: /home/hsm/ros2/build/my_package
[1.100s] Invoked command in '/home/hsm/ros2/build/my_package' returned '0': CMAKE_PREFIX_PATH=/opt/ros/humble /usr/bin/cmake /home/hsm/ros2/dev_ws/src/my_package -DAMENT_CMAKE_SYMLINK_INSTALL=1 -DCMAKE_INSTALL_PREFIX=/home/hsm/ros2/install/my_package
[1.103s] Invoking command in '/home/hsm/ros2/build/my_package': CMAKE_PREFIX_PATH=/opt/ros/humble /usr/bin/cmake --build /home/hsm/ros2/build/my_package -- -j6 -l6
[1.157s] Invoked command in '/home/hsm/ros2/build/my_package' returned '0': CMAKE_PREFIX_PATH=/opt/ros/humble /usr/bin/cmake --build /home/hsm/ros2/build/my_package -- -j6 -l6
[1.206s] Invoking command in '/home/hsm/ros2/build/my_package': CMAKE_PREFIX_PATH=/opt/ros/humble /usr/bin/cmake --install /home/hsm/ros2/build/my_package
[1.212s] -- Install configuration: ""
[1.213s] -- Execute custom install script
[1.213s] -- Symlinking: /home/hsm/ros2/install/my_package/share/my_package/launch/listener.launch.py
[1.225s] -- Symlinking: /home/hsm/ros2/install/my_package/share/my_package/launch/talker.launch.py
[1.238s] -- Symlinking: /home/hsm/ros2/install/my_package/share/ament_index/resource_index/package_run_dependencies/my_package
[1.249s] -- Symlinking: /home/hsm/ros2/install/my_package/share/ament_index/resource_index/parent_prefix_path/my_package
[1.262s] -- Symlinking: /home/hsm/ros2/install/my_package/share/my_package/environment/ament_prefix_path.sh
[1.274s] -- Symlinking: /home/hsm/ros2/install/my_package/share/my_package/environment/ament_prefix_path.dsv
[1.286s] -- Symlinking: /home/hsm/ros2/install/my_package/share/my_package/environment/path.sh
[1.298s] -- Symlinking: /home/hsm/ros2/install/my_package/share/my_package/environment/path.dsv
[1.309s] -- Symlinking: /home/hsm/ros2/install/my_package/share/my_package/local_setup.bash
[1.321s] -- Symlinking: /home/hsm/ros2/install/my_package/share/my_package/local_setup.sh
[1.333s] -- Symlinking: /home/hsm/ros2/install/my_package/share/my_package/local_setup.zsh
[1.346s] -- Symlinking: /home/hsm/ros2/install/my_package/share/my_package/local_setup.dsv
[1.358s] -- Symlinking: /home/hsm/ros2/install/my_package/share/my_package/package.dsv
[1.370s] -- Symlinking: /home/hsm/ros2/install/my_package/share/ament_index/resource_index/packages/my_package
[1.381s] -- Symlinking: /home/hsm/ros2/install/my_package/share/my_package/cmake/my_packageConfig.cmake
[1.393s] -- Symlinking: /home/hsm/ros2/install/my_package/share/my_package/cmake/my_packageConfig-version.cmake
[1.405s] -- Symlinking: /home/hsm/ros2/install/my_package/share/my_package/package.xml
[1.419s] Invoked command in '/home/hsm/ros2/build/my_package' returned '0': CMAKE_PREFIX_PATH=/opt/ros/humble /usr/bin/cmake --install /home/hsm/ros2/build/my_package
